<?xml version="1.0" encoding="UTF-8"?>
<!-- Generated by org.testng.reporters.JUnitReportReporter -->
<testsuite skipped="0" hostname="DESKTOP-3NARKHF" name="test.SeleniumTest" tests="1" failures="0" timestamp="28 Mar 2022 03:14:02 GMT" time="1.611" errors="0">
  <testcase name="test" time="1.611" classname="test.SeleniumTest"/>
</testsuite> <!-- test.SeleniumTest -->
