<?xml version="1.0" encoding="UTF-8"?>
<!-- Generated by org.testng.reporters.JUnitReportReporter -->
<testsuite skipped="0" hostname="DESKTOP-3NARKHF" name="com.nafihermawan.saucedemoOOP.AppTest" tests="1" failures="0" timestamp="28 Mar 2022 03:14:02 GMT" time="0.021" errors="0">
  <testcase name="testApp" time="0.021" classname="com.nafihermawan.saucedemoOOP.AppTest"/>
</testsuite> <!-- com.nafihermawan.saucedemoOOP.AppTest -->
